<?xml version="1.0" encoding="UTF-8"?>
<testsuite xmlns:xsi="http://www.w3.org/2001/XMLSchema-instance" xsi:noNamespaceSchemaLocation="https://maven.apache.org/surefire/maven-surefire-plugin/xsd/surefire-test-report-3.0.xsd" version="3.0" name="ec.edu.espe.eduplanmaven.util.AdvancedGradingSystemTest$ConcurrencyTests" time="3.268" tests="2" errors="0" skipped="0" failures="0">
  <properties>
[...]
</properties>
  <testcase name="testSingletonThreadSafety" classname="ec.edu.espe.eduplanmaven.util.AdvancedGradingSystemTest$ConcurrencyTests" time="0.012"/>
  <testcase name="testConcurrentReportGeneration" classname="ec.edu.espe.eduplanmaven.util.AdvancedGradingSystemTest$ConcurrencyTests" time="3.251">
    <system-err><![CDATA[[pool-3-thread-1] INFO org.mongodb.driver.cluster - Waiting for server to become available for operation with ID 7. Remaining time: 29964 ms. Selector: ReadPreferenceServerSelector{readPreference=primary}, topology description: {type=REPLICA_SET, servers=[{address=ac-qpa4jy6-shard-00-02.vbzft1p.mongodb.net:27017, type=UNKNOWN, state=CONNECTING}, {address=ac-qpa4jy6-shard-00-01.vbzft1p.mongodb.net:27017, type=UNKNOWN, state=CONNECTING}, {address=ac-qpa4jy6-shard-00-00.vbzft1p.mongodb.net:27017, type=UNKNOWN, state=CONNECTING}].
[pool-3-thread-5] INFO org.mongodb.driver.cluster - Waiting for server to become available for operation with ID 5. Remaining time: 29964 ms. Selector: ReadPreferenceServerSelector{readPreference=primary}, topology description: {type=REPLICA_SET, servers=[{address=ac-qpa4jy6-shard-00-02.vbzft1p.mongodb.net:27017, type=UNKNOWN, state=CONNECTING}, {address=ac-qpa4jy6-shard-00-01.vbzft1p.mongodb.net:27017, type=UNKNOWN, state=CONNECTING}, {address=ac-qpa4jy6-shard-00-00.vbzft1p.mongodb.net:27017, type=UNKNOWN, state=CONNECTING}].
[pool-3-thread-2] INFO org.mongodb.driver.cluster - Waiting for server to become available for operation with ID 8. Remaining time: 29964 ms. Selector: ReadPreferenceServerSelector{readPreference=primary}, topology description: {type=REPLICA_SET, servers=[{address=ac-qpa4jy6-shard-00-02.vbzft1p.mongodb.net:27017, type=UNKNOWN, state=CONNECTING}, {address=ac-qpa4jy6-shard-00-01.vbzft1p.mongodb.net:27017, type=UNKNOWN, state=CONNECTING}, {address=ac-qpa4jy6-shard-00-00.vbzft1p.mongodb.net:27017, type=UNKNOWN, state=CONNECTING}].
[pool-3-thread-4] INFO org.mongodb.driver.cluster - Waiting for server to become available for operation with ID 6. Remaining time: 29964 ms. Selector: ReadPreferenceServerSelector{readPreference=primary}, topology description: {type=REPLICA_SET, servers=[{address=ac-qpa4jy6-shard-00-02.vbzft1p.mongodb.net:27017, type=UNKNOWN, state=CONNECTING}, {address=ac-qpa4jy6-shard-00-01.vbzft1p.mongodb.net:27017, type=UNKNOWN, state=CONNECTING}, {address=ac-qpa4jy6-shard-00-00.vbzft1p.mongodb.net:27017, type=UNKNOWN, state=CONNECTING}].
[pool-3-thread-3] INFO org.mongodb.driver.cluster - Waiting for server to become available for operation with ID 9. Remaining time: 29964 ms. Selector: ReadPreferenceServerSelector{readPreference=primary}, topology description: {type=REPLICA_SET, servers=[{address=ac-qpa4jy6-shard-00-02.vbzft1p.mongodb.net:27017, type=UNKNOWN, state=CONNECTING}, {address=ac-qpa4jy6-shard-00-01.vbzft1p.mongodb.net:27017, type=UNKNOWN, state=CONNECTING}, {address=ac-qpa4jy6-shard-00-00.vbzft1p.mongodb.net:27017, type=UNKNOWN, state=CONNECTING}].
[cluster-ClusterId{value='68a09a9f63c5de98aa02e8d6', description='Cluster0'}-ac-qpa4jy6-shard-00-00.vbzft1p.mongodb.net:27017] INFO org.mongodb.driver.cluster - Monitor thread successfully connected to server with description ServerDescription{address=ac-qpa4jy6-shard-00-00.vbzft1p.mongodb.net:27017, type=REPLICA_SET_SECONDARY, cryptd=false, state=CONNECTED, ok=true, minWireVersion=0, maxWireVersion=25, maxDocumentSize=16777216, logicalSessionTimeoutMinutes=30, roundTripTimeNanos=699667100, minRoundTripTimeNanos=0, setName='atlas-d8h5xe-shard-0', canonicalAddress=ac-qpa4jy6-shard-00-00.vbzft1p.mongodb.net:27017, hosts=[ac-qpa4jy6-shard-00-02.vbzft1p.mongodb.net:27017, ac-qpa4jy6-shard-00-00.vbzft1p.mongodb.net:27017, ac-qpa4jy6-shard-00-01.vbzft1p.mongodb.net:27017], passives=[], arbiters=[], primary='ac-qpa4jy6-shard-00-01.vbzft1p.mongodb.net:27017', tagSet=TagSet{[Tag{name='availabilityZone', value='sae1-az1'}, Tag{name='diskState', value='READY'}, Tag{name='nodeType', value='ELECTABLE'}, Tag{name='provider', value='AWS'}, Tag{name='region', value='SA_EAST_1'}, Tag{name='workloadType', value='OPERATIONAL'}]}, electionId=null, setVersion=10, topologyVersion=TopologyVersion{processId=689b5aea541159180e638db5, counter=4}, lastWriteDate=Sat Aug 16 09:50:05 GMT-05:00 2025, lastUpdateTimeNanos=11925954397800}
[cluster-ClusterId{value='68a09a9f63c5de98aa02e8d6', description='Cluster0'}-ac-qpa4jy6-shard-00-02.vbzft1p.mongodb.net:27017] INFO org.mongodb.driver.cluster - Monitor thread successfully connected to server with description ServerDescription{address=ac-qpa4jy6-shard-00-02.vbzft1p.mongodb.net:27017, type=REPLICA_SET_SECONDARY, cryptd=false, state=CONNECTED, ok=true, minWireVersion=0, maxWireVersion=25, maxDocumentSize=16777216, logicalSessionTimeoutMinutes=30, roundTripTimeNanos=706340300, minRoundTripTimeNanos=0, setName='atlas-d8h5xe-shard-0', canonicalAddress=ac-qpa4jy6-shard-00-02.vbzft1p.mongodb.net:27017, hosts=[ac-qpa4jy6-shard-00-02.vbzft1p.mongodb.net:27017, ac-qpa4jy6-shard-00-00.vbzft1p.mongodb.net:27017, ac-qpa4jy6-shard-00-01.vbzft1p.mongodb.net:27017], passives=[], arbiters=[], primary='ac-qpa4jy6-shard-00-01.vbzft1p.mongodb.net:27017', tagSet=TagSet{[Tag{name='availabilityZone', value='sae1-az2'}, Tag{name='diskState', value='READY'}, Tag{name='nodeType', value='ELECTABLE'}, Tag{name='provider', value='AWS'}, Tag{name='region', value='SA_EAST_1'}, Tag{name='workloadType', value='OPERATIONAL'}]}, electionId=null, setVersion=10, topologyVersion=TopologyVersion{processId=689b5f9473b85785fc7c0f4b, counter=3}, lastWriteDate=Sat Aug 16 09:50:05 GMT-05:00 2025, lastUpdateTimeNanos=11925954397800}
[cluster-ClusterId{value='68a09a9f63c5de98aa02e8d6', description='Cluster0'}-ac-qpa4jy6-shard-00-01.vbzft1p.mongodb.net:27017] INFO org.mongodb.driver.cluster - Monitor thread successfully connected to server with description ServerDescription{address=ac-qpa4jy6-shard-00-01.vbzft1p.mongodb.net:27017, type=REPLICA_SET_PRIMARY, cryptd=false, state=CONNECTED, ok=true, minWireVersion=0, maxWireVersion=25, maxDocumentSize=16777216, logicalSessionTimeoutMinutes=30, roundTripTimeNanos=699830100, minRoundTripTimeNanos=0, setName='atlas-d8h5xe-shard-0', canonicalAddress=ac-qpa4jy6-shard-00-01.vbzft1p.mongodb.net:27017, hosts=[ac-qpa4jy6-shard-00-02.vbzft1p.mongodb.net:27017, ac-qpa4jy6-shard-00-00.vbzft1p.mongodb.net:27017, ac-qpa4jy6-shard-00-01.vbzft1p.mongodb.net:27017], passives=[], arbiters=[], primary='ac-qpa4jy6-shard-00-01.vbzft1p.mongodb.net:27017', tagSet=TagSet{[Tag{name='availabilityZone', value='sae1-az3'}, Tag{name='diskState', value='READY'}, Tag{name='nodeType', value='ELECTABLE'}, Tag{name='provider', value='AWS'}, Tag{name='region', value='SA_EAST_1'}, Tag{name='workloadType', value='OPERATIONAL'}]}, electionId=7fffffff0000000000000031, setVersion=10, topologyVersion=TopologyVersion{processId=689b5ceb180f335f7d1716cc, counter=6}, lastWriteDate=Sat Aug 16 09:50:05 GMT-05:00 2025, lastUpdateTimeNanos=11925954619300}
[cluster-ClusterId{value='68a09a9f63c5de98aa02e8d6', description='Cluster0'}-ac-qpa4jy6-shard-00-01.vbzft1p.mongodb.net:27017] INFO org.mongodb.driver.cluster - Discovered replica set primary ac-qpa4jy6-shard-00-01.vbzft1p.mongodb.net:27017 with max election id 7fffffff0000000000000031 and max set version 10
]]></system-err>
  </testcase>
</testsuite>