<?xml version="1.0" encoding="UTF-8"?>
<testsuite xmlns:xsi="http://www.w3.org/2001/XMLSchema-instance" xsi:noNamespaceSchemaLocation="https://maven.apache.org/surefire/maven-surefire-plugin/xsd/surefire-test-report-3.0.xsd" version="3.0" name="ec.edu.espe.eduplanmaven.util.GradingServiceTest" time="0.023" tests="7" errors="0" skipped="0" failures="0">
  <properties>
[...]
</properties>
  <testcase name="testPartiallyGradedReport" classname="ec.edu.espe.eduplanmaven.util.GradingServiceTest" time="0.002"/>
  <testcase name="testWeekAndMonthAssignment" classname="ec.edu.espe.eduplanmaven.util.GradingServiceTest" time="0.001"/>
  <testcase name="testMonthlyReportCalculation" classname="ec.edu.espe.eduplanmaven.util.GradingServiceTest" time="0.003"/>
  <testcase name="testPerformanceLevels" classname="ec.edu.espe.eduplanmaven.util.GradingServiceTest" time="0.001"/>
  <testcase name="testValidationRules" classname="ec.edu.espe.eduplanmaven.util.GradingServiceTest" time="0.004"/>
  <testcase name="testGradePlanification" classname="ec.edu.espe.eduplanmaven.util.GradingServiceTest" time="0.002"/>
  <testcase name="testEmptyReport" classname="ec.edu.espe.eduplanmaven.util.GradingServiceTest" time="0.001"/>
</testsuite>